Reading netlist file: "C:\Gowin\Projects\scarf_block_ram_pat_gen_and_edge_counters\impl\gwsynthesis\scarf_block_ram_pat_gen_and_edge_counters.vg"
Parsing netlist file "C:\Gowin\Projects\scarf_block_ram_pat_gen_and_edge_counters\impl\gwsynthesis\scarf_block_ram_pat_gen_and_edge_counters.vg" completed
Processing netlist completed
Reading constraint file: "C:\Gowin\Projects\scarf_block_ram_pat_gen_and_edge_counters\src\scarf_block_ram_and_pat_gen.cst"
Physical Constraint parsed completed
Running placement......
[10%] Placement Phase 0 completed
[20%] Placement Phase 1 completed
[30%] Placement Phase 2 completed
[50%] Placement Phase 3 completed
Running routing......
[60%] Routing Phase 0 completed
[70%] Routing Phase 1 completed
[80%] Routing Phase 2 completed
WARN  (PR1014) : Generic routing resource will be used to clock signal 'sclk_d' by the specified constraint. And then it may lead to the excessive delay or skew
[90%] Routing Phase 3 completed
Running timing analysis......
[95%] Timing analysis completed
Placement and routing completed
Bitstream generation in progress......
Bitstream generation completed
Running power analysis......
[100%] Power analysis completed
Generate file "C:\Gowin\Projects\scarf_block_ram_pat_gen_and_edge_counters\impl\pnr\scarf_block_ram_pat_gen_and_edge_counters.power.html" completed
Generate file "C:\Gowin\Projects\scarf_block_ram_pat_gen_and_edge_counters\impl\pnr\scarf_block_ram_pat_gen_and_edge_counters.pin.html" completed
Generate file "C:\Gowin\Projects\scarf_block_ram_pat_gen_and_edge_counters\impl\pnr\scarf_block_ram_pat_gen_and_edge_counters.rpt.html" completed
Generate file "C:\Gowin\Projects\scarf_block_ram_pat_gen_and_edge_counters\impl\pnr\scarf_block_ram_pat_gen_and_edge_counters.rpt.txt" completed
Generate file "C:\Gowin\Projects\scarf_block_ram_pat_gen_and_edge_counters\impl\pnr\scarf_block_ram_pat_gen_and_edge_counters.tr.html" completed
Sat Jan 22 18:55:09 2022

